<?xml version="1.0" encoding="UTF-8"?>
<!-- Generated by org.testng.reporters.JUnitReportReporter -->
<testsuite skipped="0" hostname="Brij-SNH" name="com.xorJavaTraining.TestA" tests="1" failures="0" timestamp="2020-11-25T17:09:15 IST" time="0.002" errors="0">
  <testcase name="test1" time="0.002" classname="com.xorJavaTraining.TestA"/>
</testsuite> <!-- com.xorJavaTraining.TestA -->
