<?xml version="1.0" encoding="UTF-8"?>
<!-- Generated by org.testng.reporters.JUnitReportReporter -->
<testsuite skipped="0" hostname="Brij-SNH" name="com.xorJavaTraining.TestClass" tests="1" failures="0" timestamp="2020-11-25T16:23:05 IST" time="3.103" errors="0">
  <testcase name="restApiTest" time="3.103" classname="com.xorJavaTraining.TestClass"/>
</testsuite> <!-- com.xorJavaTraining.TestClass -->
