<?xml version="1.0" encoding="UTF-8"?>
<!-- Generated by org.testng.reporters.JUnitReportReporter -->
<testsuite skipped="0" hostname="Brij-SNH" name="com.xorJavaTraining.TestB" tests="1" failures="0" timestamp="2020-11-25T17:09:15 IST" time="0.016" errors="0">
  <testcase name="test2" time="0.016" classname="com.xorJavaTraining.TestB"/>
</testsuite> <!-- com.xorJavaTraining.TestB -->
