<?xml version="1.0" encoding="UTF-8"?>
<!-- Generated by org.testng.reporters.JUnitReportReporter -->
<testsuite skipped="0" hostname="Brij-SNH" name="com.xorJavaTraining.TestB" tests="1" failures="0" timestamp="2020-11-26T01:32:09 IST" time="0.011" errors="0">
  <testcase name="test2" time="0.011" classname="com.xorJavaTraining.TestB"/>
</testsuite> <!-- com.xorJavaTraining.TestB -->
