<?xml version="1.0" encoding="UTF-8"?>
<!-- Generated by org.testng.reporters.JUnitReportReporter -->
<testsuite skipped="0" hostname="Brij-SNH" name="com.xorJavaTraining.TestA" tests="1" failures="0" timestamp="2020-11-26T01:32:09 IST" time="0.000" errors="0">
  <testcase name="test1" time="0.000" classname="com.xorJavaTraining.TestA"/>
</testsuite> <!-- com.xorJavaTraining.TestA -->
